TN:
SF:src\App.tsx
FN:1,(empty-report)
FNF:1
FNH:0
FNDA:0,(empty-report)
DA:1,0
DA:2,0
DA:3,0
DA:4,0
DA:5,0
DA:6,0
DA:7,0
DA:8,0
DA:10,0
DA:11,0
DA:12,0
DA:13,0
DA:14,0
DA:15,0
DA:16,0
DA:17,0
DA:18,0
DA:19,0
DA:20,0
DA:21,0
DA:22,0
DA:23,0
DA:25,0
DA:26,0
DA:27,0
DA:28,0
DA:30,0
DA:31,0
DA:32,0
DA:33,0
DA:35,0
DA:36,0
DA:37,0
DA:38,0
DA:39,0
DA:40,0
DA:43,0
DA:44,0
DA:45,0
DA:46,0
DA:48,0
DA:49,0
DA:51,0
DA:52,0
DA:53,0
DA:54,0
DA:55,0
DA:57,0
DA:58,0
DA:59,0
DA:60,0
DA:61,0
DA:62,0
DA:63,0
DA:64,0
DA:65,0
DA:66,0
DA:67,0
DA:69,0
DA:70,0
DA:71,0
DA:72,0
DA:73,0
DA:74,0
DA:75,0
DA:77,0
DA:79,0
DA:80,0
DA:81,0
DA:82,0
DA:83,0
DA:84,0
DA:85,0
DA:86,0
DA:87,0
DA:88,0
DA:89,0
DA:90,0
DA:91,0
DA:93,0
DA:95,0
LF:81
LH:0
BRDA:1,0,0,0
BRF:1
BRH:0
end_of_record
TN:
SF:src\types.ts
FN:1,(empty-report)
FNF:1
FNH:1
FNDA:1,(empty-report)
LF:0
LH:0
BRDA:1,0,0,1
BRF:1
BRH:1
end_of_record
TN:
SF:src\utils.ts
FN:10,estimateEntropy
FN:52,detectSequential
FN:85,detectRepeats
FN:97,detectKeyboard
FN:129,hashToColor
FN:136,formatTime
FNF:6
FNH:6
FNDA:36,estimateEntropy
FNDA:28,detectSequential
FNDA:28,detectRepeats
FNDA:28,detectKeyboard
FNDA:4,hashToColor
FNDA:2,formatTime
DA:10,1
DA:11,36
DA:12,28
DA:15,28
DA:16,28
DA:17,36
DA:18,36
DA:19,36
DA:20,36
DA:21,36
DA:23,28
DA:26,28
DA:29,28
DA:32,28
DA:35,28
DA:38,36
DA:41,36
DA:42,36
DA:45,36
DA:46,36
DA:47,36
DA:49,36
DA:50,36
DA:52,28
DA:53,28
DA:54,28
DA:55,28
DA:58,28
DA:59,378
DA:60,22
DA:61,378
DA:62,356
DA:63,356
DA:64,356
DA:65,378
DA:66,28
DA:69,28
DA:70,28
DA:71,378
DA:72,13
DA:73,378
DA:74,365
DA:75,365
DA:76,365
DA:77,378
DA:78,28
DA:80,28
DA:81,0
DA:82,0
DA:83,0
DA:85,28
DA:86,28
DA:87,28
DA:88,28
DA:89,378
DA:90,342
DA:91,378
DA:92,28
DA:93,28
DA:94,0
DA:95,0
DA:97,28
DA:98,28
DA:99,28
DA:100,28
DA:101,28
DA:103,28
DA:104,112
DA:105,112
DA:106,1404
DA:107,1404
DA:108,1404
DA:109,0
DA:110,0
DA:111,0
DA:112,0
DA:113,1404
DA:114,1404
DA:115,0
DA:116,0
DA:117,0
DA:118,0
DA:119,1404
DA:120,1404
DA:121,112
DA:123,28
DA:124,0
DA:125,0
DA:126,0
DA:129,1
DA:130,4
DA:131,4
DA:132,4
DA:133,4
DA:136,1
DA:137,2
DA:138,2
DA:139,0
DA:140,0
DA:141,0
DA:142,0
DA:143,0
DA:146,1
DA:147,1
DA:148,1
DA:149,1
DA:150,1
DA:151,1
LF:108
LH:87
BRDA:10,0,0,36
BRDA:11,1,0,8
BRDA:11,2,0,28
BRDA:17,3,0,0
BRDA:17,4,0,28
BRDA:18,5,0,0
BRDA:18,6,0,28
BRDA:19,7,0,21
BRDA:19,8,0,28
BRDA:20,9,0,0
BRDA:20,10,0,28
BRDA:21,11,0,0
BRDA:21,12,0,28
BRDA:38,13,0,11
BRDA:38,14,0,17
BRDA:45,15,0,17
BRDA:45,16,0,11
BRDA:45,17,0,4
BRDA:45,18,0,7
BRDA:52,19,0,28
BRDA:58,20,0,378
BRDA:59,21,0,22
BRDA:61,22,0,356
BRDA:62,23,0,0
BRDA:66,24,0,0
BRDA:70,25,0,378
BRDA:71,26,0,13
BRDA:73,27,0,365
BRDA:74,28,0,0
BRDA:78,29,0,0
BRDA:80,30,0,0
BRDA:85,31,0,28
BRDA:88,32,0,378
BRDA:89,33,0,36
BRDA:89,34,0,342
BRDA:90,35,0,0
BRDA:92,36,0,0
BRDA:93,37,0,0
BRDA:97,38,0,28
BRDA:103,39,0,112
BRDA:105,40,0,1404
BRDA:107,41,0,0
BRDA:108,42,0,0
BRDA:114,43,0,0
BRDA:123,44,0,0
BRDA:129,45,0,4
BRDA:131,46,0,12
BRDA:136,47,0,2
BRDA:138,48,0,0
BRF:49
BRH:32
end_of_record
TN:
SF:src\vite-env.d.ts
FN:1,(empty-report)
FNF:1
FNH:1
FNDA:1,(empty-report)
LF:0
LH:0
BRDA:1,0,0,1
BRF:1
BRH:1
end_of_record
TN:
SF:src\components\ErrorBoundary.tsx
FN:1,(empty-report)
FNF:1
FNH:0
FNDA:0,(empty-report)
DA:1,0
DA:2,0
DA:14,0
DA:15,0
DA:16,0
DA:17,0
DA:18,0
DA:20,0
DA:21,0
DA:22,0
DA:24,0
DA:25,0
DA:26,0
DA:28,0
DA:29,0
DA:30,0
DA:31,0
DA:32,0
DA:33,0
DA:34,0
DA:35,0
DA:36,0
DA:37,0
DA:38,0
DA:39,0
DA:40,0
DA:41,0
DA:43,0
DA:44,0
DA:45,0
DA:46,0
DA:48,0
DA:49,0
DA:50,0
DA:51,0
LF:35
LH:0
BRDA:1,0,0,0
BRF:1
BRH:0
end_of_record
TN:
SF:src\components\FamilyTab.tsx
FN:15,FamilyTab
FN:133,AddFamilyModal
FNF:2
FNH:0
FNDA:0,FamilyTab
FNDA:0,AddFamilyModal
DA:1,1
DA:2,1
DA:3,1
DA:4,1
DA:5,1
DA:7,1
DA:15,0
DA:16,0
DA:17,0
DA:18,0
DA:19,0
DA:21,0
DA:22,0
DA:23,0
DA:24,0
DA:25,0
DA:27,0
DA:28,0
DA:30,0
DA:31,0
DA:33,0
DA:34,0
DA:35,0
DA:37,0
DA:39,0
DA:40,0
DA:41,0
DA:42,0
DA:43,0
DA:44,0
DA:46,0
DA:48,0
DA:49,0
DA:50,0
DA:52,0
DA:53,0
DA:54,0
DA:55,0
DA:56,0
DA:57,0
DA:58,0
DA:59,0
DA:60,0
DA:61,0
DA:62,0
DA:63,0
DA:64,0
DA:65,0
DA:66,0
DA:67,0
DA:68,0
DA:69,0
DA:70,0
DA:71,0
DA:73,0
DA:74,0
DA:75,0
DA:76,0
DA:77,0
DA:78,0
DA:79,0
DA:80,0
DA:81,0
DA:82,0
DA:83,0
DA:84,0
DA:85,0
DA:86,0
DA:87,0
DA:88,0
DA:89,0
DA:90,0
DA:91,0
DA:92,0
DA:93,0
DA:94,0
DA:95,0
DA:96,0
DA:97,0
DA:98,0
DA:99,0
DA:100,0
DA:101,0
DA:102,0
DA:104,0
DA:105,0
DA:106,0
DA:107,0
DA:108,0
DA:109,0
DA:110,0
DA:111,0
DA:112,0
DA:113,0
DA:114,0
DA:115,0
DA:116,0
DA:117,0
DA:118,0
DA:119,0
DA:120,0
DA:121,0
DA:122,0
DA:124,0
DA:125,0
DA:127,0
DA:129,0
DA:131,0
DA:133,0
DA:134,0
DA:135,0
DA:136,0
DA:137,0
DA:138,0
DA:139,0
DA:141,0
DA:142,0
DA:143,0
DA:144,0
DA:145,0
DA:146,0
DA:147,0
DA:148,0
DA:149,0
DA:150,0
DA:151,0
DA:152,0
DA:153,0
DA:154,0
DA:155,0
DA:156,0
DA:157,0
DA:158,0
DA:159,0
DA:160,0
DA:161,0
DA:162,0
DA:163,0
DA:165,0
DA:166,0
DA:167,0
DA:168,0
DA:170,0
DA:171,0
DA:172,0
DA:173,0
DA:174,0
DA:175,0
DA:176,0
DA:177,0
DA:179,0
DA:180,0
DA:181,0
DA:183,0
DA:184,0
DA:185,0
DA:186,0
DA:187,0
DA:188,0
DA:189,0
DA:190,0
DA:191,0
DA:192,0
DA:194,0
DA:195,0
DA:197,0
DA:198,0
DA:199,0
DA:200,0
DA:201,0
DA:202,0
DA:204,0
LF:172
LH:6
BRF:0
BRH:0
end_of_record
TN:
SF:src\components\FocusRing.tsx
FN:1,(empty-report)
FNF:1
FNH:0
FNDA:0,(empty-report)
DA:1,0
DA:2,0
DA:9,0
DA:10,0
DA:11,0
DA:12,0
DA:13,0
DA:14,0
DA:15,0
DA:16,0
DA:17,0
DA:19,0
DA:20,0
DA:22,0
DA:24,0
LF:15
LH:0
BRDA:1,0,0,0
BRF:1
BRH:0
end_of_record
TN:
SF:src\components\ShortcutHelp.tsx
FN:1,(empty-report)
FNF:1
FNH:0
FNDA:0,(empty-report)
DA:1,0
DA:8,0
DA:9,0
DA:10,0
DA:11,0
DA:12,0
DA:13,0
DA:20,0
DA:21,0
DA:22,0
DA:23,0
DA:24,0
DA:25,0
DA:26,0
DA:27,0
DA:28,0
DA:29,0
DA:30,0
DA:31,0
DA:33,0
LF:20
LH:0
BRDA:1,0,0,0
BRF:1
BRH:0
end_of_record
TN:
SF:src\components\Sidebar.tsx
FN:15,Sidebar
FN:32,onClick
FN:40,onClick
FNF:3
FNH:1
FNDA:80,Sidebar
FNDA:0,onClick
FNDA:0,onClick
DA:1,1
DA:10,1
DA:11,1
DA:12,1
DA:13,1
DA:15,80
DA:16,80
DA:17,80
DA:18,80
DA:19,80
DA:20,80
DA:21,80
DA:22,80
DA:23,80
DA:24,80
DA:25,80
DA:26,80
DA:27,80
DA:28,80
DA:29,160
DA:30,160
DA:31,160
DA:32,160
DA:34,160
DA:35,160
DA:36,160
DA:37,80
DA:38,80
DA:39,80
DA:40,80
DA:41,80
DA:43,80
DA:44,80
DA:45,80
DA:47,80
LF:35
LH:35
BRDA:15,0,0,80
BRDA:28,1,0,160
BRDA:31,2,0,45
BRDA:31,3,0,115
BRF:4
BRH:4
end_of_record
TN:
SF:src\components\ui\Badge.tsx
FN:22,Badge
FNF:1
FNH:1
FNDA:60,Badge
DA:14,1
DA:15,1
DA:16,1
DA:17,1
DA:18,1
DA:19,1
DA:20,1
DA:22,60
DA:23,60
DA:24,60
DA:25,60
DA:26,60
DA:27,60
DA:28,60
DA:29,60
DA:31,60
DA:32,60
DA:33,60
DA:34,60
DA:35,60
DA:37,60
LF:21
LH:21
BRDA:22,0,0,60
BRDA:33,1,0,35
BRF:2
BRH:2
end_of_record
TN:
SF:src\components\ui\Button.tsx
FN:11,Button
FNF:1
FNH:1
FNDA:408,Button
DA:1,1
DA:11,408
DA:12,408
DA:13,408
DA:14,408
DA:15,408
DA:16,408
DA:17,408
DA:18,408
DA:19,408
DA:20,408
DA:21,408
DA:22,408
DA:24,408
DA:25,408
DA:26,408
DA:27,408
DA:28,408
DA:29,408
DA:30,408
DA:31,408
DA:32,408
DA:33,408
DA:35,408
DA:36,408
DA:37,408
DA:38,408
DA:39,408
DA:40,408
DA:42,408
DA:43,2
DA:44,2
DA:45,2
DA:47,406
DA:48,406
DA:49,406
DA:50,406
DA:52,408
DA:53,141
DA:55,408
DA:57,408
LF:41
LH:41
BRDA:11,0,0,408
BRDA:27,1,0,111
BRDA:27,2,0,297
BRDA:27,3,0,202
BRDA:27,4,0,95
BRDA:28,5,0,73
BRDA:28,6,0,335
BRDA:29,7,0,2
BRDA:29,8,0,406
BRDA:39,9,0,362
BRDA:42,10,0,2
BRDA:45,11,0,406
BRDA:48,12,0,4
BRDA:52,13,0,188
BRDA:52,14,0,142
BRDA:52,15,0,141
BRF:16
BRH:16
end_of_record
TN:
SF:src\components\ui\Card.tsx
FN:21,Card
FN:51,Card.onKeyDown
FNF:2
FNH:1
FNDA:52,Card
FNDA:0,Card.onKeyDown
DA:1,1
DA:14,1
DA:15,1
DA:16,1
DA:17,1
DA:18,1
DA:19,1
DA:21,52
DA:22,52
DA:23,52
DA:24,52
DA:25,52
DA:26,52
DA:27,52
DA:28,52
DA:29,52
DA:30,52
DA:31,52
DA:32,52
DA:33,52
DA:34,52
DA:35,52
DA:36,52
DA:37,52
DA:38,52
DA:40,52
DA:41,52
DA:42,52
DA:43,52
DA:44,52
DA:45,52
DA:46,52
DA:47,52
DA:48,52
DA:49,52
DA:50,52
DA:51,0
DA:52,0
DA:53,0
DA:54,0
DA:55,0
DA:56,0
DA:57,52
DA:60,52
DA:61,52
DA:62,52
DA:63,52
DA:64,52
DA:65,52
DA:66,52
DA:68,52
DA:69,52
DA:70,52
DA:72,52
LF:54
LH:48
BRDA:21,0,0,52
BRDA:34,1,0,0
BRDA:46,2,0,0
BRDA:47,3,0,0
BRDA:48,4,0,0
BRDA:50,5,0,0
BRDA:62,6,0,26
BRDA:62,7,0,0
BRF:8
BRH:2
end_of_record
TN:
SF:src\components\ui\EmptyStates.tsx
FN:2,NoChatsIllustration
FN:51,RadarIllustration
FN:98,FamilyIllustration
FNF:3
FNH:0
FNDA:0,NoChatsIllustration
FNDA:0,RadarIllustration
FNDA:0,FamilyIllustration
DA:2,1
DA:3,0
DA:4,0
DA:6,0
DA:9,0
DA:10,0
DA:11,0
DA:12,0
DA:13,0
DA:14,0
DA:15,0
DA:16,0
DA:19,0
DA:21,0
DA:24,0
DA:25,0
DA:26,0
DA:27,0
DA:28,0
DA:29,0
DA:30,0
DA:33,0
DA:34,0
DA:35,0
DA:36,0
DA:37,0
DA:38,0
DA:41,0
DA:42,0
DA:43,0
DA:44,0
DA:45,0
DA:46,0
DA:47,0
DA:49,0
DA:51,1
DA:52,0
DA:53,0
DA:55,0
DA:57,0
DA:59,0
DA:62,0
DA:65,0
DA:68,0
DA:69,0
DA:72,0
DA:73,0
DA:74,0
DA:75,0
DA:76,0
DA:77,0
DA:78,0
DA:79,0
DA:80,0
DA:83,0
DA:84,0
DA:85,0
DA:86,0
DA:89,0
DA:90,0
DA:91,0
DA:92,0
DA:93,0
DA:94,0
DA:96,0
DA:98,1
DA:99,0
DA:100,0
DA:101,0
DA:103,0
DA:105,0
DA:106,0
DA:107,0
DA:108,0
DA:109,0
DA:112,0
DA:113,0
DA:114,0
DA:115,0
DA:116,0
DA:119,0
DA:120,0
DA:121,0
DA:122,0
DA:123,0
DA:126,0
DA:127,0
DA:128,0
DA:131,0
DA:132,0
DA:133,0
DA:134,0
DA:135,0
DA:136,0
DA:138,0
LF:95
LH:3
BRF:0
BRH:0
end_of_record
TN:
SF:src\components\ui\Icons.tsx
FNF:0
FNH:0
DA:4,1
DA:5,1
DA:6,1
DA:7,1
DA:8,1
DA:9,1
DA:10,1
DA:11,1
DA:12,1
DA:13,1
DA:14,1
DA:15,1
DA:16,1
DA:17,1
DA:18,1
DA:19,1
DA:20,1
DA:21,1
DA:22,1
DA:23,1
DA:24,1
DA:25,1
DA:26,1
DA:27,1
DA:28,1
DA:29,1
DA:30,1
DA:31,1
DA:32,1
DA:33,1
DA:34,1
DA:35,1
DA:36,1
DA:37,1
DA:38,1
DA:39,1
DA:40,1
DA:41,1
DA:42,1
DA:43,1
DA:44,1
DA:45,1
DA:46,1
DA:47,1
DA:48,1
LF:45
LH:45
BRF:0
BRH:0
end_of_record
TN:
SF:src\components\ui\Input.tsx
FN:13,Input
FN:29,handleFocus
FN:37,handleBlur
FN:64,onClick
FNF:4
FNH:3
FNDA:194,Input
FNDA:8,handleFocus
FNDA:1,handleBlur
FNDA:0,onClick
DA:1,1
DA:2,1
DA:13,194
DA:14,194
DA:15,194
DA:16,194
DA:17,194
DA:18,194
DA:19,194
DA:20,194
DA:21,194
DA:22,194
DA:23,194
DA:24,194
DA:25,194
DA:26,194
DA:27,194
DA:29,194
DA:30,8
DA:31,8
DA:32,8
DA:33,8
DA:34,8
DA:35,8
DA:37,194
DA:38,1
DA:39,1
DA:40,1
DA:41,1
DA:42,1
DA:43,1
DA:45,194
DA:46,194
DA:47,194
DA:48,194
DA:50,194
DA:51,194
DA:52,194
DA:53,194
DA:54,194
DA:55,194
DA:56,194
DA:57,194
DA:58,194
DA:59,194
DA:60,194
DA:61,58
DA:62,58
DA:63,58
DA:64,58
DA:65,0
DA:66,0
DA:67,0
DA:68,0
DA:69,58
DA:71,58
DA:72,58
DA:74,194
DA:75,194
DA:76,194
DA:78,194
LF:61
LH:57
BRDA:13,0,0,194
BRDA:48,1,0,24
BRDA:48,2,0,170
BRDA:48,3,0,0
BRDA:50,4,0,2
BRDA:53,5,0,48
BRDA:53,6,0,146
BRDA:60,7,0,123
BRDA:60,8,0,58
BRDA:60,9,0,58
BRDA:75,10,0,0
BRDA:29,11,0,8
BRDA:33,12,0,0
BRDA:37,13,0,1
BRDA:41,14,0,0
BRF:15
BRH:11
end_of_record
TN:
SF:src\components\ui\LoadingSpinner.tsx
FN:7,LoadingSpinner
FNF:1
FNH:0
FNDA:0,LoadingSpinner
DA:7,0
DA:8,0
DA:9,0
DA:10,0
DA:11,0
DA:12,0
DA:13,0
DA:14,0
DA:15,0
DA:16,0
DA:19,0
DA:20,0
DA:21,0
DA:22,0
DA:23,0
DA:25,0
DA:27,0
DA:28,0
LF:18
LH:0
BRF:0
BRH:0
end_of_record
TN:
SF:src\components\ui\Modal.tsx
FN:13,Modal
FN:28,handleKeyDown
FN:67,onClick
FNF:3
FNH:1
FNDA:35,Modal
FNDA:0,handleKeyDown
FNDA:0,onClick
DA:1,1
DA:2,1
DA:13,35
DA:14,35
DA:15,35
DA:16,35
DA:17,35
DA:18,35
DA:19,35
DA:20,35
DA:21,35
DA:22,35
DA:24,35
DA:25,35
DA:26,0
DA:28,0
DA:29,0
DA:30,0
DA:31,0
DA:32,0
DA:33,0
DA:34,0
DA:35,0
DA:36,0
DA:37,0
DA:38,0
DA:39,0
DA:40,0
DA:41,0
DA:42,0
DA:43,0
DA:45,0
DA:46,0
DA:47,0
DA:48,0
DA:49,0
DA:50,0
DA:51,0
DA:53,0
DA:54,0
DA:55,0
DA:56,0
DA:57,35
DA:59,35
DA:61,0
DA:62,0
DA:63,0
DA:64,0
DA:65,0
DA:66,0
DA:67,0
DA:68,0
DA:70,0
DA:71,0
DA:72,0
DA:73,0
DA:74,0
DA:75,0
DA:76,0
DA:77,0
DA:78,35
DA:79,35
DA:81,35
LF:63
LH:19
BRDA:13,0,0,35
BRDA:59,1,0,0
BRDA:24,2,0,35
BRDA:25,3,0,0
BRF:4
BRH:2
end_of_record
TN:
SF:src\components\ui\ProgressBar.tsx
FN:14,ProgressBar
FNF:1
FNH:0
FNDA:0,ProgressBar
DA:14,0
DA:15,0
DA:16,0
DA:17,0
DA:18,0
DA:19,0
DA:20,0
DA:21,0
DA:22,0
DA:23,0
DA:24,0
DA:26,0
DA:27,0
DA:28,0
DA:29,0
DA:30,0
DA:31,0
DA:32,0
DA:33,0
DA:35,0
DA:36,0
DA:37,0
DA:38,0
DA:39,0
DA:40,0
DA:41,0
DA:42,0
DA:43,0
DA:44,0
DA:46,0
DA:48,0
LF:31
LH:0
BRF:0
BRH:0
end_of_record
TN:
SF:src\components\ui\Select.tsx
FN:16,Select
FNF:1
FNH:0
FNDA:0,Select
DA:16,0
DA:17,0
DA:18,0
DA:19,0
DA:20,0
DA:21,0
DA:22,0
DA:23,0
DA:24,0
DA:25,0
DA:26,0
DA:27,0
DA:28,0
DA:29,0
DA:30,0
DA:31,0
DA:32,0
DA:34,0
DA:35,0
DA:36,0
DA:37,0
DA:39,0
DA:40,0
DA:41,0
DA:42,0
DA:43,0
DA:44,0
DA:45,0
DA:46,0
DA:48,0
LF:30
LH:0
BRF:0
BRH:0
end_of_record
TN:
SF:src\components\ui\Toast.tsx
FN:29,ToastContainer
FNF:1
FNH:1
FNDA:153,ToastContainer
DA:1,1
DA:15,1
DA:16,1
DA:17,1
DA:18,1
DA:19,1
DA:20,1
DA:22,1
DA:23,1
DA:24,1
DA:25,1
DA:26,1
DA:27,1
DA:29,1
DA:30,153
DA:32,0
DA:33,0
DA:34,0
DA:35,0
DA:36,0
DA:37,0
DA:38,0
DA:39,0
DA:40,0
DA:42,0
DA:43,0
DA:44,0
DA:45,0
DA:46,0
DA:47,0
DA:48,0
DA:49,0
DA:50,0
DA:51,0
DA:52,0
DA:53,0
DA:54,0
DA:55,0
DA:56,0
DA:57,0
DA:59,0
DA:60,0
DA:61,0
DA:62,0
DA:63,0
DA:65,0
LF:46
LH:15
BRDA:29,0,0,153
BRDA:30,1,0,0
BRF:2
BRH:1
end_of_record
TN:
SF:src\components\ui\index.ts
FNF:0
FNH:0
DA:1,1
DA:2,1
DA:3,1
DA:4,1
DA:5,1
DA:7,1
DA:8,1
DA:9,1
DA:10,1
DA:11,1
DA:12,1
LF:11
LH:11
BRF:0
BRH:0
end_of_record
TN:
SF:src\context\AppContext.tsx
FN:24,useApp
FN:30,AppProvider
FN:38,check
FN:60,update
FN:70,handleKeyDown
FNF:5
FNH:4
FNDA:11,useApp
FNDA:8,AppProvider
FNDA:4,check
FNDA:4,update
FNDA:0,handleKeyDown
DA:1,1
DA:2,1
DA:3,1
DA:22,1
DA:24,1
DA:25,11
DA:26,11
DA:27,8
DA:28,8
DA:30,1
DA:31,8
DA:32,8
DA:33,8
DA:34,8
DA:37,8
DA:38,4
DA:39,4
DA:40,4
DA:41,4
DA:42,4
DA:43,2
DA:44,2
DA:45,2
DA:46,2
DA:47,2
DA:48,2
DA:49,2
DA:50,4
DA:51,0
DA:52,0
DA:53,4
DA:54,4
DA:55,8
DA:58,8
DA:59,4
DA:60,4
DA:61,4
DA:62,4
DA:63,4
DA:64,4
DA:65,4
DA:66,8
DA:69,8
DA:70,7
DA:71,0
DA:72,0
DA:73,0
DA:74,7
DA:75,7
DA:76,8
DA:78,8
DA:79,8
DA:80,8
DA:81,8
DA:82,8
DA:83,8
DA:84,8
DA:85,8
DA:87,8
LF:59
LH:54
BRDA:24,0,0,11
BRDA:26,1,0,2
BRDA:26,2,0,8
BRDA:30,3,0,8
BRDA:37,4,0,4
BRDA:38,5,0,4
BRDA:42,6,0,2
BRDA:45,7,0,1
BRDA:45,8,0,1
BRDA:50,9,0,0
BRDA:58,10,0,4
BRDA:60,11,0,4
BRDA:61,12,0,0
BRDA:65,13,0,4
BRDA:69,14,0,7
BRDA:75,15,0,7
BRF:16
BRH:14
end_of_record
TN:
SF:src\context\ChatContext.tsx
FN:66,useChat
FN:72,ChatProvider
FNF:2
FNH:2
FNDA:31,useChat
FNDA:29,ChatProvider
DA:1,1
DA:4,1
DA:5,1
DA:6,1
DA:64,1
DA:66,1
DA:67,31
DA:68,31
DA:69,28
DA:70,28
DA:72,1
DA:73,29
DA:76,29
DA:77,29
DA:78,29
DA:79,29
DA:80,29
DA:81,29
DA:82,29
DA:83,29
DA:84,29
DA:85,29
DA:86,29
DA:87,29
DA:88,29
DA:89,29
DA:90,29
DA:91,29
DA:92,29
DA:94,29
DA:95,4
DA:96,4
DA:97,4
DA:98,29
DA:102,29
DA:103,0
DA:104,0
DA:105,0
DA:106,0
DA:107,0
DA:108,0
DA:109,0
DA:110,29
DA:112,29
DA:113,0
DA:114,0
DA:115,0
DA:116,0
DA:117,0
DA:118,29
DA:120,29
DA:121,0
DA:122,0
DA:123,0
DA:124,0
DA:125,0
DA:126,0
DA:127,0
DA:128,29
DA:130,29
DA:131,0
DA:132,0
DA:133,0
DA:134,0
DA:135,0
DA:136,0
DA:137,0
DA:138,0
DA:139,0
DA:140,0
DA:141,0
DA:142,0
DA:143,0
DA:144,0
DA:145,0
DA:146,0
DA:147,0
DA:148,0
DA:149,0
DA:150,0
DA:151,0
DA:152,0
DA:153,0
DA:154,29
DA:156,29
DA:157,0
DA:158,0
DA:159,0
DA:160,0
DA:161,0
DA:162,0
DA:163,0
DA:164,0
DA:165,0
DA:166,0
DA:167,0
DA:168,0
DA:169,0
DA:170,0
DA:171,29
DA:173,29
DA:174,0
DA:175,0
DA:176,0
DA:177,0
DA:178,0
DA:179,0
DA:180,0
DA:181,0
DA:182,0
DA:183,0
DA:184,29
DA:186,29
DA:187,0
DA:188,0
DA:189,0
DA:190,0
DA:191,0
DA:192,0
DA:193,0
DA:194,0
DA:195,0
DA:196,0
DA:197,0
DA:198,0
DA:199,0
DA:200,0
DA:201,29
DA:203,29
DA:204,0
DA:205,0
DA:206,0
DA:207,0
DA:208,29
DA:210,29
DA:211,1
DA:212,1
DA:213,1
DA:214,1
DA:215,1
DA:216,1
DA:217,0
DA:218,0
DA:219,29
DA:221,29
DA:222,0
DA:223,29
DA:225,29
DA:226,0
DA:227,0
DA:228,0
DA:229,0
DA:230,0
DA:231,0
DA:232,0
DA:233,0
DA:234,0
DA:235,0
DA:236,0
DA:237,0
DA:238,0
DA:239,0
DA:240,0
DA:241,0
DA:242,0
DA:243,0
DA:244,0
DA:245,0
DA:246,29
DA:248,29
DA:249,4
DA:250,4
DA:251,4
DA:252,4
DA:253,4
DA:254,4
DA:255,4
DA:256,4
DA:257,4
DA:258,4
DA:259,4
DA:260,4
DA:262,4
DA:263,4
DA:264,4
DA:266,4
DA:267,29
DA:269,29
DA:270,0
DA:271,29
DA:275,29
DA:276,2
DA:277,1
DA:278,1
DA:280,1
DA:281,0
DA:282,0
DA:283,0
DA:284,0
DA:285,0
DA:286,0
DA:287,0
DA:288,1
DA:289,2
DA:290,29
DA:292,29
DA:293,1
DA:294,1
DA:295,1
DA:297,1
DA:298,0
DA:299,0
DA:300,0
DA:301,0
DA:302,0
DA:303,0
DA:304,0
DA:305,0
DA:306,0
DA:307,1
DA:308,1
DA:309,29
DA:311,29
DA:312,0
DA:313,0
DA:314,0
DA:315,0
DA:316,0
DA:317,0
DA:318,0
DA:319,0
DA:320,0
DA:321,0
DA:322,29
DA:324,29
DA:325,1
DA:326,1
DA:327,1
DA:328,1
DA:329,0
DA:330,0
DA:331,0
DA:332,0
DA:333,1
DA:334,1
DA:335,29
DA:339,29
DA:340,0
DA:341,0
DA:342,0
DA:343,0
DA:344,0
DA:345,0
DA:346,0
DA:347,0
DA:348,29
DA:350,29
DA:351,0
DA:352,0
DA:353,0
DA:354,0
DA:355,0
DA:356,0
DA:357,0
DA:358,0
DA:359,0
DA:360,0
DA:361,0
DA:362,29
DA:364,29
DA:365,0
DA:366,0
DA:367,0
DA:368,0
DA:369,0
DA:370,0
DA:372,0
DA:373,0
DA:374,0
DA:375,0
DA:376,0
DA:377,0
DA:378,29
DA:381,29
DA:382,9
DA:383,0
DA:384,0
DA:385,0
DA:386,9
DA:387,9
DA:388,9
DA:389,29
DA:392,29
DA:393,29
DA:394,8
DA:395,29
DA:398,29
DA:399,29
DA:401,29
DA:402,8
DA:403,29
DA:405,29
DA:406,8
DA:407,8
DA:408,8
DA:409,8
DA:410,8
DA:411,8
DA:412,29
DA:414,29
DA:416,29
DA:417,0
DA:418,29
DA:420,29
DA:421,0
DA:422,29
DA:425,29
DA:426,19
DA:427,0
DA:433,0
DA:434,0
DA:435,0
DA:436,0
DA:437,0
DA:438,0
DA:439,0
DA:440,0
DA:441,0
DA:442,0
DA:443,0
DA:444,0
DA:445,0
DA:447,0
DA:448,0
DA:449,0
DA:450,0
DA:451,0
DA:452,0
DA:453,0
DA:455,0
DA:456,0
DA:457,19
DA:459,19
DA:460,0
DA:461,0
DA:462,0
DA:463,0
DA:464,0
DA:465,0
DA:466,0
DA:467,0
DA:468,0
DA:469,0
DA:470,0
DA:471,0
DA:472,0
DA:473,0
DA:474,0
DA:475,0
DA:478,0
DA:479,0
DA:480,0
DA:481,0
DA:482,0
DA:483,0
DA:484,0
DA:485,0
DA:486,19
DA:488,19
DA:489,0
DA:490,19
DA:492,19
DA:493,0
DA:494,19
DA:496,19
DA:497,0
DA:498,0
DA:499,0
DA:500,0
DA:501,0
DA:502,0
DA:503,0
DA:504,0
DA:505,0
DA:506,19
DA:508,19
DA:509,0
DA:510,0
DA:511,19
DA:513,19
DA:514,0
DA:515,0
DA:516,19
DA:518,19
DA:519,0
DA:520,0
DA:521,19
DA:523,19
DA:524,0
DA:526,0
DA:527,0
DA:528,0
DA:529,0
DA:530,0
DA:531,0
DA:532,0
DA:533,0
DA:534,0
DA:535,0
DA:536,0
DA:537,0
DA:538,0
DA:539,0
DA:540,0
DA:541,0
DA:542,0
DA:543,0
DA:544,19
DA:546,19
DA:547,0
DA:548,0
DA:549,0
DA:550,0
DA:551,0
DA:552,0
DA:553,19
DA:555,19
DA:556,0
DA:557,0
DA:558,0
DA:559,0
DA:560,0
DA:561,0
DA:562,0
DA:563,0
DA:564,0
DA:565,0
DA:566,0
DA:567,19
DA:569,19
DA:570,0
DA:571,0
DA:572,0
DA:573,0
DA:574,0
DA:575,0
DA:576,19
DA:578,19
DA:579,0
DA:580,0
DA:581,0
DA:582,0
DA:583,0
DA:584,0
DA:585,19
DA:587,19
DA:588,19
DA:589,19
DA:590,19
DA:591,19
DA:592,19
DA:593,19
DA:594,19
DA:595,19
DA:596,19
DA:597,19
DA:598,19
DA:599,19
DA:600,19
DA:601,19
DA:602,29
DA:604,29
DA:605,29
DA:606,29
DA:607,29
DA:608,29
DA:609,29
DA:610,29
DA:611,29
DA:612,29
DA:613,29
DA:614,29
DA:615,29
DA:616,29
DA:617,29
DA:618,29
DA:619,29
DA:620,29
DA:621,29
DA:622,29
DA:624,29
LF:491
LH:205
BRDA:66,0,0,31
BRDA:68,1,0,2
BRDA:68,2,0,28
BRDA:72,3,0,29
BRDA:110,4,0,11
BRDA:128,5,0,11
BRDA:154,6,0,11
BRDA:290,7,0,11
BRDA:309,8,0,11
BRDA:348,9,0,11
BRDA:362,10,0,11
BRDA:378,11,0,11
BRDA:94,12,0,4
BRDA:97,13,0,0
BRDA:210,14,0,1
BRDA:216,15,0,0
BRDA:248,16,0,4
BRDA:250,17,0,0
BRDA:253,18,0,0
BRDA:260,19,0,0
BRDA:264,20,0,0
BRDA:275,21,0,2
BRDA:276,22,0,1
BRDA:276,23,0,1
BRDA:289,24,0,0
BRDA:280,25,0,1
BRDA:292,26,0,1
BRDA:293,27,0,0
BRDA:308,28,0,0
BRDA:297,29,0,1
BRDA:324,30,0,1
BRDA:325,31,0,0
BRDA:334,32,0,0
BRDA:328,33,0,1
BRDA:381,34,0,9
BRDA:382,35,0,0
BRDA:393,36,0,8
BRDA:394,37,0,0
BRDA:401,38,0,8
BRDA:402,39,0,0
BRDA:405,40,0,8
BRDA:406,41,0,8
BRDA:414,42,0,8
BRDA:425,43,0,19
BRDA:587,44,0,19
BRDA:588,45,0,19
BRDA:589,46,0,19
BRDA:590,47,0,19
BRDA:591,48,0,19
BRDA:592,49,0,19
BRDA:593,50,0,19
BRDA:594,51,0,19
BRDA:595,52,0,19
BRDA:596,53,0,19
BRDA:597,54,0,19
BRDA:598,55,0,19
BRDA:599,56,0,19
BRDA:600,57,0,19
BRF:58
BRH:44
end_of_record
TN:
SF:src\context\SettingsContext.tsx
FN:45,useSettings
FN:51,SettingsProvider
FNF:2
FNH:2
FNDA:24,useSettings
FNDA:21,SettingsProvider
DA:1,1
DA:4,1
DA:5,1
DA:43,1
DA:45,1
DA:46,24
DA:47,24
DA:48,21
DA:49,21
DA:51,1
DA:52,21
DA:54,21
DA:55,21
DA:56,21
DA:57,21
DA:58,21
DA:59,21
DA:60,21
DA:61,21
DA:63,21
DA:64,21
DA:66,21
DA:68,21
DA:70,21
DA:71,0
DA:72,0
DA:73,0
DA:74,0
DA:75,0
DA:76,0
DA:77,0
DA:78,0
DA:79,0
DA:80,0
DA:81,0
DA:82,0
DA:83,0
DA:84,0
DA:85,0
DA:86,0
DA:87,0
DA:88,21
DA:90,21
DA:91,1
DA:92,1
DA:93,1
DA:94,1
DA:95,1
DA:96,0
DA:97,1
DA:98,1
DA:99,1
DA:100,21
DA:102,21
DA:103,0
DA:104,0
DA:105,0
DA:106,0
DA:107,0
DA:108,0
DA:109,0
DA:110,0
DA:111,0
DA:112,21
DA:114,21
DA:115,0
DA:116,0
DA:117,0
DA:118,0
DA:119,0
DA:120,0
DA:121,0
DA:122,0
DA:123,0
DA:124,0
DA:125,0
DA:126,0
DA:127,21
DA:129,21
DA:130,1
DA:131,1
DA:132,1
DA:133,1
DA:134,1
DA:135,0
DA:136,0
DA:137,21
DA:139,21
DA:140,1
DA:141,1
DA:142,1
DA:143,1
DA:144,1
DA:145,21
DA:147,21
DA:148,1
DA:149,1
DA:150,1
DA:151,1
DA:152,0
DA:153,0
DA:154,21
DA:156,21
DA:157,1
DA:158,0
DA:159,0
DA:160,0
DA:161,0
DA:162,0
DA:163,0
DA:164,0
DA:165,21
DA:169,21
DA:170,1
DA:171,1
DA:172,1
DA:173,1
DA:174,1
DA:175,1
DA:176,1
DA:177,1
DA:178,1
DA:179,1
DA:180,1
DA:181,0
DA:182,0
DA:183,21
DA:185,21
DA:186,1
DA:187,1
DA:188,1
DA:189,1
DA:190,1
DA:191,1
DA:192,1
DA:193,1
DA:194,1
DA:195,1
DA:196,1
DA:197,0
DA:198,0
DA:199,21
DA:201,21
DA:202,0
DA:203,0
DA:204,0
DA:205,0
DA:206,0
DA:207,0
DA:208,0
DA:209,0
DA:210,21
DA:212,21
DA:213,1
DA:214,1
DA:215,1
DA:216,1
DA:217,0
DA:218,0
DA:219,21
DA:223,21
DA:224,0
DA:225,0
DA:226,0
DA:227,0
DA:228,0
DA:229,0
DA:230,0
DA:232,0
DA:233,0
DA:234,0
DA:235,0
DA:236,21
DA:240,21
DA:241,1
DA:242,1
DA:243,1
DA:244,1
DA:245,1
DA:246,1
DA:247,1
DA:248,1
DA:249,1
DA:250,1
DA:251,1
DA:252,1
DA:253,1
DA:254,0
DA:255,0
DA:256,21
DA:258,21
DA:259,0
DA:260,0
DA:261,0
DA:262,0
DA:263,0
DA:264,0
DA:265,0
DA:266,0
DA:267,21
DA:269,21
DA:270,0
DA:271,0
DA:272,0
DA:273,0
DA:274,0
DA:275,0
DA:276,0
DA:277,0
DA:278,21
DA:280,21
DA:281,1
DA:282,1
DA:283,1
DA:284,1
DA:285,0
DA:286,0
DA:287,21
DA:289,21
DA:290,1
DA:291,1
DA:292,1
DA:293,1
DA:294,1
DA:295,0
DA:296,0
DA:297,21
DA:299,21
DA:300,21
DA:301,21
DA:302,21
DA:303,21
DA:304,21
DA:305,21
DA:306,21
DA:307,21
DA:308,21
DA:309,21
DA:310,21
DA:311,21
DA:312,21
DA:313,21
DA:314,21
DA:315,21
DA:316,21
DA:317,21
DA:319,21
LF:247
LH:150
BRDA:45,0,0,24
BRDA:47,1,0,2
BRDA:47,2,0,21
BRDA:51,3,0,21
BRDA:90,4,0,1
BRDA:95,5,0,0
BRDA:129,6,0,1
BRDA:133,7,0,0
BRDA:134,8,0,0
BRDA:139,9,0,1
BRDA:144,10,0,0
BRDA:147,11,0,1
BRDA:151,12,0,0
BRDA:156,13,0,1
BRDA:157,14,0,0
BRDA:169,15,0,1
BRDA:180,16,0,0
BRDA:185,17,0,1
BRDA:196,18,0,0
BRDA:212,19,0,1
BRDA:216,20,0,0
BRDA:240,21,0,1
BRDA:250,22,0,0
BRDA:253,23,0,0
BRDA:280,24,0,1
BRDA:284,25,0,0
BRDA:289,26,0,1
BRDA:292,27,0,0
BRDA:294,28,0,0
BRF:29
BRH:15
end_of_record
TN:
SF:src\context\ThemeContext.tsx
FN:1,(empty-report)
FNF:1
FNH:0
FNDA:0,(empty-report)
DA:1,0
DA:2,0
DA:3,0
DA:15,0
DA:17,0
DA:18,0
DA:19,0
DA:20,0
DA:21,0
DA:23,0
DA:25,0
DA:26,0
DA:27,0
DA:28,0
DA:29,0
DA:30,0
DA:32,0
DA:33,0
DA:34,0
DA:36,0
DA:37,0
DA:38,0
DA:39,0
DA:40,0
DA:41,0
DA:42,0
DA:43,0
DA:44,0
DA:45,0
DA:46,0
DA:47,0
DA:48,0
DA:49,0
DA:50,0
DA:52,0
DA:53,0
DA:54,0
DA:55,0
DA:56,0
DA:57,0
DA:58,0
DA:59,0
DA:60,0
DA:61,0
DA:62,0
DA:63,0
DA:64,0
DA:65,0
DA:66,0
DA:67,0
DA:68,0
DA:69,0
DA:70,0
DA:71,0
DA:72,0
DA:73,0
DA:74,0
DA:76,0
DA:77,0
DA:78,0
DA:79,0
DA:80,0
DA:81,0
DA:82,0
DA:84,0
DA:85,0
DA:86,0
DA:87,0
DA:88,0
DA:89,0
DA:90,0
DA:92,0
DA:93,0
DA:94,0
DA:96,0
DA:97,0
DA:98,0
DA:99,0
DA:100,0
DA:102,0
DA:103,0
DA:104,0
DA:106,0
DA:107,0
DA:108,0
DA:109,0
DA:111,0
LF:87
LH:0
BRDA:1,0,0,0
BRF:1
BRH:0
end_of_record
TN:
SF:src\context\VaultContext.tsx
FN:1,(empty-report)
FNF:1
FNH:0
FNDA:0,(empty-report)
DA:1,0
DA:2,0
DA:3,0
DA:9,0
DA:11,0
DA:12,0
DA:13,0
DA:14,0
DA:15,0
DA:17,0
DA:18,0
DA:20,0
DA:21,0
DA:25,0
DA:26,0
DA:28,0
DA:29,0
DA:30,0
DA:31,0
DA:33,0
LF:20
LH:0
BRDA:1,0,0,0
BRF:1
BRH:0
end_of_record
TN:
SF:src\hooks\useIdleDetection.ts
FN:1,(empty-report)
FNF:1
FNH:1
FNDA:1,(empty-report)
DA:19,0
DA:28,0
DA:30,0
DA:31,0
DA:32,0
DA:33,0
DA:35,0
DA:36,0
DA:37,0
DA:38,0
DA:39,0
DA:40,0
DA:42,0
DA:43,0
DA:44,0
DA:45,0
DA:46,0
DA:47,0
DA:50,0
DA:51,0
DA:52,0
DA:55,0
DA:56,0
DA:57,0
DA:58,0
DA:59,0
DA:60,0
DA:63,0
DA:65,0
DA:66,0
DA:67,0
DA:68,0
DA:69,0
DA:70,0
DA:71,0
DA:72,0
DA:73,0
LF:37
LH:0
BRDA:1,0,0,1
BRF:1
BRH:1
end_of_record
TN:
SF:src\hooks\useToast.ts
FN:10,useToast
FNF:1
FNH:1
FNDA:8,useToast
DA:1,1
DA:4,1
DA:10,1
DA:11,8
DA:13,8
DA:14,8
DA:15,1
DA:16,1
DA:17,1
DA:18,1
DA:19,1
DA:20,1
DA:21,8
DA:22,8
DA:24,8
DA:25,0
DA:26,8
DA:28,8
DA:29,8
LF:19
LH:18
BRDA:10,0,0,8
BRDA:14,1,0,1
BRDA:16,2,0,1
BRF:3
BRH:3
end_of_record
TN:
SF:src\styles\theme.ts
FN:1,(empty-report)
FNF:1
FNH:1
FNDA:1,(empty-report)
DA:2,0
DA:3,0
DA:4,0
DA:5,0
DA:6,0
DA:7,0
DA:8,0
DA:9,0
DA:10,0
DA:11,0
DA:12,0
DA:13,0
DA:14,0
DA:15,0
DA:16,0
DA:17,0
DA:18,0
DA:19,0
DA:20,0
DA:21,0
DA:22,0
DA:23,0
DA:24,0
DA:25,0
DA:26,0
DA:27,0
DA:28,0
DA:29,0
DA:30,0
DA:31,0
DA:32,0
DA:33,0
DA:34,0
DA:35,0
LF:34
LH:0
BRDA:1,0,0,1
BRF:1
BRH:1
end_of_record
TN:
SF:src\views\ChatView.tsx
FN:16,ChatView
FN:164,handler
FN:179,submit
FN:233,handler
FN:251,handler
FN:256,fmt
FN:260,backToHub
FN:268,onClick
FN:299,onClick
FN:303,onClick
FN:339,onChange
FN:343,onKeyDown
FN:353,onClick
FN:406,onChange
FN:414,onChange
FN:436,onMouseEnter
FN:437,onMouseLeave
FN:438,onContextMenu
FN:446,onChange
FN:447,onKeyDown
FN:459,onClick
FN:460,onClick
FN:547,onClick
FN:548,onClick
FN:551,onClick
FN:576,onClick
FN:585,onDragOver
FN:586,onDragLeave
FN:587,onDrop
FN:602,onClick
FN:605,onClick
FN:616,onChange
FN:617,onKeyDown
FN:622,onChange
FN:645,onClose
FN:646,onClick
FN:668,SelfDestructTimer
FN:692,renderMarkdown
FN:728,renderLinks
FN:740,groupByDate
FNF:40
FNH:11
FNDA:36,ChatView
FNDA:0,handler
FNDA:1,submit
FNDA:16,handler
FNDA:0,handler
FNDA:1,fmt
FNDA:1,backToHub
FNDA:0,onClick
FNDA:0,onClick
FNDA:0,onClick
FNDA:0,onChange
FNDA:0,onKeyDown
FNDA:0,onClick
FNDA:0,onChange
FNDA:0,onChange
FNDA:0,onMouseEnter
FNDA:0,onMouseLeave
FNDA:0,onContextMenu
FNDA:0,onChange
FNDA:0,onKeyDown
FNDA:0,onClick
FNDA:0,onClick
FNDA:0,onClick
FNDA:0,onClick
FNDA:0,onClick
FNDA:0,onClick
FNDA:0,onDragOver
FNDA:0,onDragLeave
FNDA:0,onDrop
FNDA:0,onClick
FNDA:0,onClick
FNDA:16,onChange
FNDA:16,onKeyDown
FNDA:0,onChange
FNDA:0,onClose
FNDA:0,onClick
FNDA:3,SelfDestructTimer
FNDA:3,renderMarkdown
FNDA:3,renderLinks
FNDA:36,groupByDate
DA:1,1
DA:2,1
DA:3,1
DA:4,1
DA:5,1
DA:6,1
DA:11,1
DA:12,1
DA:13,1
DA:16,36
DA:17,36
DA:18,36
DA:19,36
DA:20,36
DA:21,36
DA:22,36
DA:23,36
DA:24,36
DA:25,36
DA:26,36
DA:27,36
DA:28,36
DA:29,36
DA:30,36
DA:31,36
DA:32,36
DA:33,36
DA:34,36
DA:35,36
DA:36,36
DA:38,36
DA:39,36
DA:40,36
DA:41,36
DA:43,36
DA:44,36
DA:45,36
DA:46,36
DA:48,36
DA:50,36
DA:52,36
DA:53,36
DA:54,36
DA:55,36
DA:57,36
DA:60,36
DA:61,17
DA:62,0
DA:63,17
DA:64,17
DA:65,36
DA:68,36
DA:69,17
DA:70,0
DA:71,17
DA:72,17
DA:73,36
DA:76,36
DA:77,17
DA:78,17
DA:79,0
DA:80,0
DA:81,0
DA:82,36
DA:85,36
DA:86,0
DA:87,0
DA:88,0
DA:89,0
DA:91,0
DA:92,0
DA:93,0
DA:94,0
DA:95,0
DA:96,0
DA:97,0
DA:98,0
DA:99,0
DA:100,0
DA:101,0
DA:102,0
DA:104,0
DA:105,0
DA:107,0
DA:108,0
DA:109,0
DA:110,0
DA:112,0
DA:113,0
DA:114,0
DA:115,0
DA:116,0
DA:117,0
DA:118,0
DA:119,0
DA:120,0
DA:121,36
DA:124,36
DA:125,17
DA:126,0
DA:127,17
DA:128,17
DA:129,0
DA:130,0
DA:131,0
DA:132,0
DA:133,0
DA:134,0
DA:135,0
DA:136,17
DA:137,17
DA:138,0
DA:139,0
DA:140,0
DA:141,0
DA:142,0
DA:143,0
DA:144,0
DA:145,17
DA:146,17
DA:147,17
DA:148,17
DA:149,17
DA:150,17
DA:151,36
DA:154,36
DA:155,36
DA:156,36
DA:157,36
DA:158,36
DA:159,36
DA:162,36
DA:163,17
DA:164,0
DA:165,0
DA:166,0
DA:167,0
DA:168,0
DA:169,0
DA:170,0
DA:171,36
DA:174,36
DA:175,17
DA:176,17
DA:177,36
DA:179,36
DA:180,1
DA:181,1
DA:182,1
DA:183,1
DA:184,1
DA:185,1
DA:186,0
DA:187,1
DA:188,1
DA:189,1
DA:191,1
DA:192,1
DA:194,1
DA:195,1
DA:198,36
DA:199,0
DA:200,0
DA:201,0
DA:202,0
DA:203,0
DA:204,0
DA:205,0
DA:206,0
DA:207,0
DA:208,0
DA:209,0
DA:210,0
DA:211,0
DA:212,0
DA:213,0
DA:214,0
DA:215,36
DA:218,36
DA:219,16
DA:220,16
DA:222,0
DA:224,0
DA:226,0
DA:227,0
DA:228,0
DA:229,36
DA:232,36
DA:233,17
DA:234,16
DA:235,16
DA:236,0
DA:237,0
DA:238,0
DA:239,16
DA:240,0
DA:241,0
DA:242,0
DA:243,16
DA:244,17
DA:245,17
DA:246,36
DA:249,36
DA:250,17
DA:251,0
DA:252,0
DA:253,0
DA:254,36
DA:256,36
DA:258,36
DA:260,36
DA:262,36
DA:263,36
DA:264,36
DA:265,36
DA:266,36
DA:267,36
DA:268,36
DA:269,36
DA:270,36
DA:271,36
DA:273,36
DA:274,36
DA:275,36
DA:276,36
DA:277,0
DA:278,0
DA:279,0
DA:281,36
DA:282,36
DA:283,36
DA:285,36
DA:286,36
DA:287,36
DA:290,36
DA:291,1
DA:292,1
DA:293,1
DA:294,1
DA:295,1
DA:296,1
DA:297,1
DA:298,1
DA:299,1
DA:300,0
DA:301,0
DA:302,1
DA:303,1
DA:304,1
DA:305,1
DA:306,1
DA:307,1
DA:311,36
DA:312,0
DA:313,0
DA:314,0
DA:315,0
DA:316,0
DA:317,0
DA:318,0
DA:319,0
DA:320,0
DA:321,0
DA:322,0
DA:323,0
DA:324,0
DA:325,0
DA:326,0
DA:327,0
DA:328,0
DA:329,0
DA:333,36
DA:334,0
DA:335,0
DA:336,0
DA:337,0
DA:338,0
DA:339,0
DA:340,0
DA:341,0
DA:342,0
DA:343,0
DA:344,0
DA:345,0
DA:346,0
DA:347,0
DA:348,0
DA:349,0
DA:350,0
DA:351,0
DA:353,0
DA:354,0
DA:356,36
DA:357,0
DA:358,0
DA:359,0
DA:360,0
DA:361,0
DA:362,0
DA:363,0
DA:364,0
DA:365,0
DA:366,0
DA:367,0
DA:368,0
DA:369,0
DA:370,0
DA:371,0
DA:375,36
DA:376,0
DA:377,0
DA:378,0
DA:379,0
DA:380,0
DA:381,0
DA:385,36
DA:386,36
DA:387,36
DA:390,36
DA:391,36
DA:392,36
DA:393,36
DA:394,36
DA:395,36
DA:396,36
DA:397,36
DA:398,36
DA:399,36
DA:401,36
DA:402,2
DA:403,2
DA:404,2
DA:405,2
DA:406,2
DA:407,2
DA:408,2
DA:409,2
DA:410,2
DA:411,2
DA:412,2
DA:413,0
DA:414,0
DA:415,0
DA:416,0
DA:417,0
DA:418,0
DA:419,0
DA:421,2
DA:422,2
DA:423,2
DA:426,36
DA:427,2
DA:428,2
DA:429,2
DA:430,2
DA:431,2
DA:432,2
DA:433,2
DA:434,3
DA:435,3
DA:436,3
DA:437,3
DA:438,3
DA:440,3
DA:441,0
DA:442,3
DA:444,0
DA:445,0
DA:446,0
DA:447,0
DA:448,0
DA:449,0
DA:450,0
DA:451,0
DA:452,0
DA:453,0
DA:454,0
DA:455,0
DA:456,0
DA:457,0
DA:458,0
DA:459,0
DA:460,0
DA:461,0
DA:462,0
DA:465,3
DA:467,3
DA:468,0
DA:469,0
DA:470,0
DA:472,3
DA:473,3
DA:475,3
DA:476,3
DA:478,3
DA:479,0
DA:480,0
DA:481,0
DA:482,0
DA:483,0
DA:484,0
DA:487,3
DA:488,3
DA:491,3
DA:492,3
DA:495,3
DA:496,0
DA:498,0
DA:500,3
DA:502,3
DA:503,0
DA:504,0
DA:505,0
DA:506,0
DA:507,0
DA:508,0
DA:509,0
DA:510,0
DA:511,0
DA:512,0
DA:513,0
DA:514,0
DA:515,0
DA:517,0
DA:518,0
DA:519,0
DA:520,0
DA:523,3
DA:524,0
DA:525,0
DA:526,0
DA:527,0
DA:528,0
DA:529,0
DA:530,0
DA:531,0
DA:532,0
DA:533,0
DA:534,0
DA:535,0
DA:536,0
DA:537,0
DA:538,0
DA:540,0
DA:541,0
DA:542,0
DA:543,0
DA:546,3
DA:547,0
DA:548,0
DA:550,0
DA:551,0
DA:553,0
DA:554,0
DA:556,3
DA:557,2
DA:558,2
DA:559,36
DA:561,36
DA:562,34
DA:563,34
DA:564,34
DA:565,34
DA:567,34
DA:568,34
DA:571,36
DA:572,36
DA:575,36
DA:576,0
DA:577,0
DA:578,0
DA:579,0
DA:583,36
DA:584,36
DA:585,36
DA:586,36
DA:587,36
DA:588,0
DA:589,0
DA:590,0
DA:591,0
DA:592,0
DA:593,0
DA:594,0
DA:595,0
DA:597,36
DA:600,36
DA:601,36
DA:602,36
DA:603,36
DA:604,36
DA:605,0
DA:606,0
DA:607,0
DA:608,0
DA:609,0
DA:610,0
DA:611,0
DA:613,36
DA:614,36
DA:615,36
DA:616,36
DA:617,36
DA:618,36
DA:619,36
DA:620,36
DA:621,36
DA:622,36
DA:623,36
DA:624,36
DA:625,36
DA:626,36
DA:627,36
DA:628,36
DA:629,36
DA:630,36
DA:631,36
DA:632,36
DA:633,36
DA:634,36
DA:635,36
DA:636,36
DA:637,36
DA:639,36
DA:640,36
DA:641,36
DA:642,36
DA:645,36
DA:646,36
DA:647,36
DA:648,36
DA:649,36
DA:650,36
DA:651,36
DA:652,36
DA:653,36
DA:654,36
DA:655,36
DA:656,36
DA:657,36
DA:658,36
DA:659,36
DA:660,36
DA:662,36
DA:663,36
DA:664,36
DA:666,36
DA:668,3
DA:669,3
DA:671,3
DA:672,3
DA:673,0
DA:674,0
DA:675,0
DA:676,3
DA:677,3
DA:678,3
DA:680,3
DA:682,3
DA:683,3
DA:684,3
DA:685,3
DA:686,3
DA:687,3
DA:689,3
DA:692,3
DA:694,3
DA:695,3
DA:696,3
DA:697,0
DA:698,0
DA:700,3
DA:701,3
DA:702,3
DA:703,0
DA:704,0
DA:705,0
DA:706,0
DA:708,0
DA:709,0
DA:710,0
DA:711,0
DA:712,0
DA:713,0
DA:715,0
DA:716,0
DA:717,0
DA:718,0
DA:719,0
DA:720,3
DA:721,3
DA:722,3
DA:723,3
DA:724,3
DA:725,3
DA:728,3
DA:729,3
DA:730,3
DA:731,3
DA:732,0
DA:733,0
DA:734,0
DA:735,0
DA:736,0
DA:737,0
DA:738,0
DA:740,36
DA:741,36
DA:742,36
DA:743,3
DA:744,3
DA:745,3
DA:746,3
DA:747,36
DA:748,36
LF:615
LH:336
BRDA:16,0,0,36
BRDA:229,1,0,29
BRDA:268,2,0,29
BRDA:268,3,0,1
BRDA:268,4,0,35
BRDA:269,5,0,29
BRDA:269,6,0,1
BRDA:269,7,0,35
BRDA:270,8,0,29
BRDA:270,9,0,1
BRDA:270,10,0,35
BRDA:276,11,0,29
BRDA:276,12,0,0
BRDA:276,13,0,0
BRDA:281,14,0,29
BRDA:281,15,0,29
BRDA:281,16,0,7
BRDA:282,17,0,0
BRDA:282,18,0,29
BRDA:282,19,0,7
BRDA:285,20,0,29
BRDA:285,21,0,29
BRDA:290,22,0,1
BRDA:311,23,0,0
BRDA:333,24,0,0
BRDA:356,25,0,0
BRDA:375,26,0,0
BRDA:386,27,0,2
BRDA:386,28,0,0
BRDA:391,29,0,0
BRDA:392,30,0,0
BRDA:392,31,0,0
BRDA:397,32,0,29
BRDA:397,33,0,34
BRDA:401,34,0,2
BRDA:412,35,0,0
BRDA:561,36,0,34
BRDA:575,37,0,0
BRDA:604,38,0,0
BRDA:618,39,0,29
BRDA:619,40,0,0
BRDA:633,41,0,18
BRDA:633,42,0,17
BRDA:634,43,0,1
BRDA:634,44,0,35
BRDA:646,45,0,29
BRDA:646,46,0,35
BRDA:646,47,0,1
BRDA:651,48,0,0
BRDA:653,49,0,29
BRDA:653,50,0,1
BRDA:653,51,0,35
BRDA:656,52,0,29
BRDA:656,53,0,2
BRDA:659,54,0,29
BRDA:659,55,0,1
BRDA:57,56,0,17
BRDA:60,57,0,17
BRDA:64,58,0,17
BRDA:68,59,0,17
BRDA:72,60,0,17
BRDA:76,61,0,17
BRDA:78,62,0,0
BRDA:78,63,0,0
BRDA:77,64,0,3
BRDA:77,65,0,0
BRDA:124,66,0,17
BRDA:146,67,0,17
BRDA:147,68,0,17
BRDA:148,69,0,17
BRDA:149,70,0,17
BRDA:162,71,0,17
BRDA:163,72,0,0
BRDA:174,73,0,17
BRDA:179,74,0,1
BRDA:181,75,0,0
BRDA:185,76,0,0
BRDA:192,77,0,0
BRDA:191,78,0,1
BRDA:218,79,0,16
BRDA:220,80,0,0
BRDA:220,81,0,0
BRDA:232,82,0,17
BRDA:233,83,0,16
BRDA:235,84,0,0
BRDA:235,85,0,0
BRDA:239,86,0,0
BRDA:239,87,0,0
BRDA:245,88,0,17
BRDA:249,89,0,17
BRDA:250,90,0,0
BRDA:256,91,0,1
BRDA:256,92,0,0
BRDA:256,93,0,0
BRDA:260,94,0,1
BRDA:292,95,0,1
BRDA:426,96,0,2
BRDA:433,97,0,3
BRDA:434,98,0,0
BRDA:440,99,0,0
BRDA:442,100,0,0
BRDA:467,101,0,0
BRDA:467,102,0,0
BRDA:478,103,0,0
BRDA:478,104,0,0
BRDA:478,105,0,0
BRDA:495,106,0,0
BRDA:495,107,0,0
BRDA:502,108,0,0
BRDA:502,109,0,0
BRDA:523,110,0,0
BRDA:523,111,0,0
BRDA:546,112,0,0
BRDA:546,113,0,0
BRDA:616,114,0,16
BRDA:617,115,0,16
BRDA:617,116,0,0
BRDA:617,117,0,0
BRDA:617,118,0,0
BRDA:617,119,0,0
BRDA:656,120,0,2
BRDA:668,121,0,3
BRDA:680,122,0,0
BRDA:671,123,0,3
BRDA:677,124,0,3
BRDA:692,125,0,3
BRDA:695,126,0,3
BRDA:696,127,0,0
BRDA:696,128,0,0
BRDA:702,129,0,0
BRDA:728,130,0,3
BRDA:731,131,0,0
BRDA:740,132,0,36
BRDA:742,133,0,3
BRDA:744,134,0,0
BRDA:744,135,0,0
BRDA:745,136,0,2
BRF:137
BRH:78
end_of_record
TN:
SF:src\views\GroupChatView.tsx
FN:1,(empty-report)
FNF:1
FNH:0
FNDA:0,(empty-report)
DA:1,0
DA:2,0
DA:3,0
DA:4,0
DA:5,0
DA:8,0
DA:9,0
DA:12,0
DA:13,0
DA:14,0
DA:15,0
DA:16,0
DA:17,0
DA:18,0
DA:19,0
DA:20,0
DA:21,0
DA:23,0
DA:24,0
DA:25,0
DA:27,0
DA:28,0
DA:29,0
DA:30,0
DA:31,0
DA:32,0
DA:34,0
DA:35,0
DA:36,0
DA:37,0
DA:38,0
DA:39,0
DA:40,0
DA:41,0
DA:42,0
DA:43,0
DA:44,0
DA:45,0
DA:46,0
DA:47,0
DA:48,0
DA:49,0
DA:50,0
DA:51,0
DA:52,0
DA:53,0
DA:54,0
DA:55,0
DA:56,0
DA:57,0
DA:59,0
DA:60,0
DA:61,0
DA:62,0
DA:63,0
DA:64,0
DA:65,0
DA:66,0
DA:67,0
DA:68,0
DA:69,0
DA:70,0
DA:71,0
DA:72,0
DA:73,0
DA:74,0
DA:75,0
DA:76,0
DA:77,0
DA:78,0
DA:79,0
DA:80,0
DA:81,0
DA:82,0
DA:84,0
DA:85,0
DA:86,0
DA:87,0
DA:88,0
DA:89,0
DA:90,0
DA:92,0
DA:93,0
DA:94,0
DA:95,0
DA:96,0
DA:97,0
DA:98,0
DA:99,0
DA:100,0
DA:101,0
DA:102,0
DA:103,0
DA:104,0
DA:105,0
DA:106,0
DA:107,0
DA:109,0
DA:110,0
DA:111,0
DA:112,0
DA:113,0
DA:114,0
DA:115,0
DA:116,0
DA:117,0
DA:118,0
DA:119,0
DA:120,0
DA:121,0
DA:122,0
DA:124,0
DA:125,0
DA:126,0
DA:127,0
DA:128,0
DA:129,0
DA:131,0
DA:132,0
DA:133,0
DA:134,0
DA:135,0
DA:136,0
DA:137,0
DA:138,0
DA:140,0
DA:141,0
DA:144,0
DA:145,0
DA:146,0
DA:147,0
DA:148,0
DA:149,0
DA:153,0
DA:154,0
DA:155,0
DA:156,0
DA:157,0
DA:158,0
DA:159,0
DA:160,0
DA:162,0
DA:163,0
DA:164,0
DA:165,0
DA:166,0
DA:167,0
DA:168,0
DA:169,0
DA:170,0
DA:171,0
DA:172,0
DA:173,0
DA:174,0
DA:175,0
DA:177,0
DA:181,0
DA:182,0
DA:183,0
DA:184,0
DA:185,0
DA:186,0
DA:187,0
DA:188,0
DA:189,0
DA:191,0
DA:192,0
DA:193,0
DA:194,0
DA:196,0
DA:197,0
DA:198,0
DA:199,0
DA:200,0
DA:201,0
DA:202,0
DA:203,0
DA:204,0
DA:205,0
DA:207,0
DA:210,0
DA:211,0
DA:212,0
DA:213,0
DA:214,0
DA:215,0
DA:216,0
DA:217,0
DA:218,0
DA:219,0
DA:220,0
DA:221,0
DA:222,0
DA:223,0
DA:224,0
DA:225,0
DA:228,0
DA:229,0
DA:230,0
DA:231,0
DA:232,0
DA:233,0
DA:234,0
DA:236,0
LF:204
LH:0
BRDA:1,0,0,0
BRF:1
BRH:0
end_of_record
TN:
SF:src\views\HubView.tsx
FN:16,HubView
FN:37,handleCopy
FN:75,handler
FN:118,onClick
FN:121,onClick
FN:125,onClick
FN:129,onClick
FN:159,onGetStarted
FN:169,ConnectTab
FN:188,update
FN:198,handleGenerate
FN:252,onClick
FN:274,onChange
FN:274,onClear
FN:280,onChange
FN:281,onChange
FN:292,onClick
FN:308,ChatsTab
FN:318,toggleFav
FN:330,toggleArch
FN:352,onChange
FN:352,onClear
FN:375,onClick
FN:375,onKeyDown
FN:394,onClick
FN:401,onClick
FN:407,onClick
FN:412,onClick
FN:425,NearbyTab
FNF:29
FNH:6
FNDA:23,HubView
FNDA:0,handleCopy
FNDA:0,handler
FNDA:0,onClick
FNDA:3,onClick
FNDA:0,onClick
FNDA:0,onClick
FNDA:0,onGetStarted
FNDA:27,ConnectTab
FNDA:1,update
FNDA:1,handleGenerate
FNDA:0,onClick
FNDA:0,onChange
FNDA:0,onClear
FNDA:0,onChange
FNDA:0,onChange
FNDA:0,onClick
FNDA:6,ChatsTab
FNDA:0,toggleFav
FNDA:0,toggleArch
FNDA:0,onChange
FNDA:0,onClear
FNDA:0,onClick
FNDA:0,onKeyDown
FNDA:0,onClick
FNDA:0,onClick
FNDA:0,onClick
FNDA:0,onClick
FNDA:0,NearbyTab
DA:1,1
DA:2,1
DA:3,1
DA:4,1
DA:8,1
DA:9,1
DA:10,1
DA:11,1
DA:12,1
DA:14,1
DA:16,23
DA:17,23
DA:18,23
DA:19,23
DA:20,23
DA:21,23
DA:22,23
DA:23,23
DA:24,23
DA:25,23
DA:26,23
DA:27,23
DA:28,23
DA:29,23
DA:30,23
DA:31,23
DA:32,23
DA:33,23
DA:34,23
DA:35,23
DA:37,23
DA:38,0
DA:39,0
DA:40,0
DA:41,0
DA:42,0
DA:43,0
DA:44,0
DA:46,23
DA:47,0
DA:48,0
DA:49,0
DA:50,0
DA:51,0
DA:52,0
DA:53,23
DA:55,23
DA:57,0
DA:58,0
DA:59,23
DA:62,23
DA:63,23
DA:64,23
DA:67,23
DA:68,23
DA:69,23
DA:70,22
DA:71,23
DA:74,23
DA:75,20
DA:76,0
DA:77,0
DA:78,0
DA:79,0
DA:80,0
DA:81,0
DA:83,0
DA:84,0
DA:85,20
DA:86,20
DA:87,23
DA:89,23
DA:90,2
DA:91,0
DA:92,2
DA:93,0
DA:94,0
DA:95,0
DA:96,23
DA:98,23
DA:99,23
DA:100,23
DA:101,23
DA:102,23
DA:103,23
DA:104,23
DA:105,23
DA:106,23
DA:108,23
DA:109,23
DA:110,23
DA:111,23
DA:112,23
DA:113,23
DA:114,23
DA:115,23
DA:117,23
DA:118,23
DA:119,23
DA:120,23
DA:121,23
DA:122,23
DA:123,23
DA:124,23
DA:125,23
DA:126,23
DA:127,23
DA:128,23
DA:129,23
DA:130,23
DA:131,23
DA:132,23
DA:133,23
DA:135,23
DA:136,23
DA:137,20
DA:138,20
DA:139,20
DA:140,20
DA:141,20
DA:142,20
DA:143,20
DA:144,20
DA:145,20
DA:146,20
DA:147,3
DA:148,0
DA:149,0
DA:150,0
DA:151,0
DA:152,0
DA:153,0
DA:154,0
DA:155,0
DA:156,3
DA:157,0
DA:159,3
DA:161,23
DA:163,23
DA:164,23
DA:165,23
DA:167,23
DA:169,27
DA:170,27
DA:171,27
DA:172,27
DA:173,27
DA:174,27
DA:175,27
DA:176,27
DA:179,27
DA:180,20
DA:181,20
DA:182,20
DA:183,27
DA:186,27
DA:187,21
DA:188,1
DA:189,1
DA:190,1
DA:191,1
DA:192,1
DA:193,1
DA:194,1
DA:195,1
DA:196,27
DA:198,27
DA:199,1
DA:200,1
DA:201,1
DA:202,1
DA:203,1
DA:204,1
DA:205,1
DA:206,1
DA:209,27
DA:210,20
DA:211,4
DA:212,4
DA:213,4
DA:214,4
DA:215,4
DA:216,27
DA:218,27
DA:219,27
DA:220,27
DA:221,27
DA:222,27
DA:223,1
DA:224,1
DA:226,1
DA:228,27
DA:229,19
DA:231,8
DA:232,8
DA:233,8
DA:234,8
DA:235,8
DA:236,8
DA:237,8
DA:238,8
DA:239,8
DA:240,8
DA:241,0
DA:242,0
DA:243,0
DA:244,0
DA:246,8
DA:248,27
DA:249,4
DA:250,4
DA:251,4
DA:252,4
DA:253,0
DA:254,0
DA:255,0
DA:256,0
DA:257,0
DA:258,4
DA:259,4
DA:260,4
DA:261,4
DA:262,4
DA:264,27
DA:265,2
DA:266,2
DA:267,2
DA:268,2
DA:270,27
DA:272,27
DA:273,27
DA:274,27
DA:275,27
DA:276,27
DA:277,27
DA:278,1
DA:279,1
DA:280,1
DA:281,1
DA:282,1
DA:284,27
DA:286,27
DA:288,27
DA:289,27
DA:290,27
DA:291,27
DA:292,27
DA:293,0
DA:294,0
DA:295,0
DA:296,0
DA:297,0
DA:298,27
DA:299,27
DA:300,27
DA:301,27
DA:302,27
DA:303,27
DA:304,27
DA:306,27
DA:308,6
DA:309,6
DA:310,6
DA:313,6
DA:314,3
DA:315,3
DA:316,6
DA:318,6
DA:319,0
DA:320,0
DA:321,0
DA:322,0
DA:323,0
DA:324,0
DA:325,0
DA:326,0
DA:327,0
DA:328,0
DA:330,6
DA:331,0
DA:332,0
DA:333,0
DA:334,0
DA:335,0
DA:336,0
DA:337,0
DA:338,0
DA:339,0
DA:340,0
DA:342,6
DA:343,0
DA:344,0
DA:345,0
DA:346,6
DA:348,6
DA:349,6
DA:350,6
DA:351,2
DA:352,2
DA:353,2
DA:356,6
DA:357,4
DA:358,4
DA:359,4
DA:360,4
DA:361,4
DA:362,0
DA:363,4
DA:364,4
DA:365,4
DA:366,4
DA:368,4
DA:370,4
DA:372,2
DA:373,2
DA:374,2
DA:375,2
DA:376,2
DA:377,2
DA:378,2
DA:379,2
DA:380,2
DA:381,2
DA:382,2
DA:383,2
DA:384,2
DA:385,2
DA:386,2
DA:387,2
DA:388,2
DA:389,2
DA:390,2
DA:391,2
DA:393,2
DA:394,2
DA:395,2
DA:396,2
DA:397,2
DA:398,2
DA:400,2
DA:401,2
DA:402,2
DA:403,2
DA:404,2
DA:405,2
DA:406,2
DA:407,2
DA:408,2
DA:409,2
DA:410,2
DA:411,2
DA:412,2
DA:413,2
DA:414,2
DA:415,2
DA:416,2
DA:417,2
DA:419,2
DA:421,6
DA:423,6
DA:425,0
DA:426,0
DA:428,0
DA:429,0
DA:430,0
DA:431,0
DA:432,0
DA:433,0
DA:434,0
DA:435,0
DA:436,0
DA:437,0
DA:438,0
DA:439,0
DA:440,0
DA:441,0
DA:442,0
DA:444,0
DA:445,0
DA:446,0
DA:447,0
DA:450,0
DA:451,0
DA:452,0
DA:453,0
DA:454,0
DA:455,0
DA:457,0
DA:458,0
DA:459,0
DA:460,0
DA:461,0
DA:462,0
DA:463,0
DA:465,0
DA:468,0
DA:469,0
DA:470,0
DA:471,0
DA:472,0
DA:473,0
DA:474,0
DA:475,0
DA:476,0
DA:477,0
DA:478,0
DA:479,0
DA:480,0
DA:481,0
DA:482,0
DA:483,0
DA:484,0
DA:485,0
DA:487,0
DA:489,0
DA:490,0
DA:491,0
DA:492,0
DA:493,0
DA:494,0
DA:495,0
DA:496,0
DA:497,0
DA:498,0
DA:499,0
DA:500,0
DA:501,0
DA:502,0
DA:503,0
DA:504,0
DA:505,0
DA:506,0
DA:507,0
DA:508,0
DA:509,0
DA:510,0
DA:511,0
DA:512,0
DA:513,0
DA:514,0
DA:515,0
DA:516,0
DA:517,0
DA:518,0
DA:519,0
DA:520,0
DA:521,0
DA:522,0
DA:523,0
DA:524,0
DA:526,0
DA:527,0
DA:528,0
DA:529,0
DA:530,0
DA:532,0
LF:456
LH:286
BRDA:16,0,0,23
BRDA:118,1,0,20
BRDA:118,2,0,3
BRDA:121,3,0,3
BRDA:121,4,0,20
BRDA:123,5,0,2
BRDA:125,6,0,0
BRDA:127,7,0,0
BRDA:129,8,0,0
BRDA:131,9,0,0
BRDA:136,10,0,20
BRDA:146,11,0,3
BRDA:147,12,0,0
BRDA:156,13,0,0
BRDA:62,14,0,23
BRDA:63,15,0,0
BRDA:67,16,0,23
BRDA:68,17,0,1
BRDA:68,18,0,22
BRDA:69,19,0,0
BRDA:69,20,0,0
BRDA:69,21,0,22
BRDA:74,22,0,20
BRDA:86,23,0,20
BRDA:89,24,0,2
BRDA:90,25,0,0
BRDA:92,26,0,0
BRDA:93,27,0,0
BRDA:94,28,0,0
BRDA:121,29,0,3
BRDA:169,30,0,27
BRDA:222,31,0,1
BRDA:228,32,0,19
BRDA:229,33,0,8
BRDA:236,34,0,0
BRDA:237,35,0,0
BRDA:240,36,0,0
BRDA:248,37,0,4
BRDA:264,38,0,4
BRDA:264,39,0,4
BRDA:264,40,0,2
BRDA:264,41,0,2
BRDA:275,42,0,26
BRDA:277,43,0,1
BRDA:291,44,0,1
BRDA:299,45,0,0
BRDA:179,46,0,20
BRDA:180,47,0,20
BRDA:181,48,0,0
BRDA:186,49,0,21
BRDA:187,50,0,20
BRDA:187,51,0,1
BRDA:188,52,0,1
BRDA:195,53,0,1
BRDA:198,54,0,1
BRDA:209,55,0,20
BRDA:210,56,0,4
BRDA:211,57,0,4
BRDA:251,58,0,4
BRDA:308,59,0,6
BRDA:350,60,0,2
BRDA:356,61,0,4
BRDA:359,62,0,0
BRDA:361,63,0,0
BRDA:370,64,0,2
BRDA:313,65,0,3
BRDA:314,66,0,1
BRDA:315,67,0,1
BRDA:372,68,0,2
BRDA:373,69,0,0
BRDA:377,70,0,0
BRDA:380,71,0,0
BRDA:382,72,0,0
BRDA:386,73,0,0
BRDA:386,74,0,0
BRDA:389,75,0,0
BRDA:393,76,0,0
BRDA:395,77,0,0
BRDA:396,78,0,0
BRDA:397,79,0,0
BRDA:400,80,0,0
BRDA:402,81,0,0
BRDA:403,82,0,0
BRDA:406,83,0,0
BRDA:408,84,0,0
BRDA:409,85,0,0
BRF:86
BRH:49
end_of_record
TN:
SF:src\views\SettingsView.tsx
FN:11,SettingsView
FN:36,onBackToHub
FN:62,onClick
FN:90,onClick
FN:133,onChange
FN:137,onClick
FN:235,onChange
FN:251,onChange
FN:291,onClick
FN:297,onChange
FN:297,onClear
FN:311,onClick
FN:314,onClick
FN:317,onClick
FN:329,onChange
FN:334,onClick
FNF:16
FNH:3
FNDA:22,SettingsView
FNDA:1,onBackToHub
FNDA:0,onClick
FNDA:0,onClick
FNDA:0,onChange
FNDA:0,onClick
FNDA:0,onChange
FNDA:0,onChange
FNDA:1,onClick
FNDA:0,onChange
FNDA:0,onClear
FNDA:0,onClick
FNDA:0,onClick
FNDA:0,onClick
FNDA:0,onChange
FNDA:0,onClick
DA:1,1
DA:2,1
DA:3,1
DA:4,1
DA:5,1
DA:6,1
DA:7,1
DA:8,1
DA:9,1
DA:11,22
DA:12,22
DA:13,22
DA:14,22
DA:15,22
DA:16,22
DA:17,22
DA:18,22
DA:19,22
DA:20,22
DA:21,22
DA:22,22
DA:23,22
DA:24,22
DA:25,22
DA:26,22
DA:27,22
DA:28,22
DA:29,22
DA:30,22
DA:32,22
DA:33,22
DA:34,22
DA:36,22
DA:38,22
DA:39,22
DA:40,22
DA:41,22
DA:42,22
DA:43,22
DA:44,22
DA:45,22
DA:46,22
DA:48,22
DA:49,22
DA:50,22
DA:51,22
DA:52,22
DA:54,22
DA:56,22
DA:57,22
DA:58,22
DA:59,22
DA:60,22
DA:61,22
DA:62,22
DA:63,0
DA:64,0
DA:65,0
DA:66,0
DA:67,0
DA:68,0
DA:69,0
DA:70,0
DA:71,22
DA:72,22
DA:73,22
DA:74,22
DA:75,22
DA:76,22
DA:77,22
DA:78,22
DA:79,22
DA:80,22
DA:83,22
DA:84,22
DA:85,22
DA:86,22
DA:87,22
DA:88,22
DA:89,22
DA:90,1
DA:91,0
DA:92,0
DA:93,0
DA:94,0
DA:95,0
DA:96,0
DA:97,1
DA:98,1
DA:99,1
DA:101,22
DA:102,22
DA:104,22
DA:105,2
DA:106,2
DA:107,2
DA:108,2
DA:109,2
DA:110,2
DA:111,2
DA:112,2
DA:113,2
DA:114,2
DA:115,2
DA:116,2
DA:119,22
DA:121,22
DA:122,22
DA:123,22
DA:124,22
DA:125,22
DA:126,22
DA:127,22
DA:128,22
DA:130,22
DA:131,22
DA:132,22
DA:133,22
DA:134,22
DA:135,22
DA:136,22
DA:137,22
DA:138,0
DA:139,0
DA:140,0
DA:141,0
DA:142,0
DA:143,0
DA:144,0
DA:145,0
DA:146,22
DA:147,22
DA:149,22
DA:151,22
DA:152,22
DA:153,22
DA:154,22
DA:155,22
DA:156,1
DA:157,1
DA:158,1
DA:159,1
DA:161,22
DA:162,22
DA:165,22
DA:166,22
DA:167,22
DA:168,22
DA:169,22
DA:170,22
DA:171,22
DA:172,22
DA:173,22
DA:174,22
DA:175,22
DA:176,22
DA:177,22
DA:178,22
DA:179,22
DA:180,22
DA:182,22
DA:183,22
DA:184,22
DA:185,22
DA:186,22
DA:187,22
DA:188,22
DA:189,22
DA:190,22
DA:191,22
DA:192,22
DA:193,22
DA:194,22
DA:196,22
DA:197,22
DA:198,22
DA:199,22
DA:200,22
DA:202,22
DA:204,22
DA:205,22
DA:209,22
DA:210,22
DA:211,22
DA:214,22
DA:215,22
DA:216,22
DA:217,22
DA:218,22
DA:219,22
DA:220,22
DA:221,22
DA:222,22
DA:223,22
DA:224,22
DA:225,22
DA:226,22
DA:227,22
DA:228,22
DA:229,22
DA:231,22
DA:232,22
DA:233,22
DA:234,22
DA:235,22
DA:236,22
DA:238,22
DA:239,22
DA:240,22
DA:241,22
DA:242,22
DA:243,22
DA:244,22
DA:245,22
DA:247,22
DA:248,22
DA:249,22
DA:250,22
DA:251,22
DA:252,22
DA:254,22
DA:255,22
DA:256,22
DA:257,22
DA:258,22
DA:259,22
DA:260,22
DA:261,22
DA:263,22
DA:265,22
DA:266,22
DA:267,22
DA:268,22
DA:269,22
DA:270,22
DA:271,22
DA:274,22
DA:275,22
DA:276,22
DA:277,22
DA:278,22
DA:280,4
DA:281,4
DA:282,4
DA:283,4
DA:284,4
DA:285,4
DA:286,4
DA:287,4
DA:288,4
DA:289,4
DA:290,4
DA:291,4
DA:292,4
DA:294,22
DA:295,22
DA:296,22
DA:297,22
DA:298,22
DA:299,22
DA:300,22
DA:301,22
DA:302,22
DA:305,22
DA:306,22
DA:307,22
DA:308,22
DA:309,22
DA:310,22
DA:311,22
DA:312,22
DA:313,22
DA:314,22
DA:315,22
DA:316,22
DA:317,22
DA:318,22
DA:319,22
DA:320,22
DA:321,22
DA:322,22
DA:323,22
DA:324,22
DA:325,22
DA:326,22
DA:327,22
DA:328,22
DA:329,22
DA:330,22
DA:331,22
DA:332,22
DA:333,22
DA:334,22
DA:335,22
DA:336,22
DA:337,22
DA:340,22
DA:341,22
DA:342,22
DA:343,22
DA:344,22
DA:345,22
DA:346,22
DA:347,22
DA:348,22
DA:349,22
DA:350,22
DA:351,22
DA:352,22
DA:353,22
DA:355,22
DA:356,22
DA:357,22
DA:359,22
LF:314
LH:292
BRDA:11,0,0,22
BRDA:29,1,0,0
BRDA:61,2,0,2
BRDA:61,3,0,20
BRDA:72,4,0,0
BRDA:77,5,0,2
BRDA:77,6,0,20
BRDA:88,7,0,21
BRDA:89,8,0,1
BRDA:98,9,0,0
BRDA:104,10,0,2
BRDA:108,11,0,1
BRDA:108,12,0,1
BRDA:114,13,0,0
BRDA:114,14,0,0
BRDA:155,15,0,1
BRDA:173,16,0,0
BRDA:187,17,0,0
BRDA:222,18,0,0
BRDA:234,19,0,0
BRDA:250,20,0,0
BRDA:278,21,0,4
BRDA:278,22,0,18
BRDA:311,23,0,0
BRDA:314,24,0,0
BRDA:317,25,0,0
BRDA:32,26,0,22
BRDA:33,27,0,22
BRDA:36,28,0,1
BRDA:114,29,0,1
BRDA:278,30,0,4
BRDA:280,31,0,0
BRDA:281,32,0,0
BRDA:285,33,0,0
BRDA:285,34,0,0
BRDA:286,35,0,0
BRDA:286,36,0,0
BRDA:289,37,0,0
BRDA:289,38,0,0
BRDA:291,39,0,1
BRF:40
BRH:19
end_of_record
TN:
SF:src\views\SetupView.tsx
FN:1,(empty-report)
FNF:1
FNH:0
FNDA:0,(empty-report)
DA:1,0
DA:2,0
DA:3,0
DA:4,0
DA:5,0
DA:7,0
DA:8,0
DA:9,0
DA:10,0
DA:11,0
DA:12,0
DA:14,0
DA:15,0
DA:16,0
DA:17,0
DA:18,0
DA:19,0
DA:21,0
DA:22,0
DA:23,0
DA:24,0
DA:25,0
DA:26,0
DA:27,0
DA:28,0
DA:29,0
DA:31,0
DA:32,0
DA:34,0
DA:35,0
DA:36,0
DA:37,0
DA:38,0
DA:39,0
DA:40,0
DA:41,0
DA:42,0
DA:43,0
DA:44,0
DA:45,0
DA:46,0
DA:47,0
DA:48,0
DA:49,0
DA:50,0
DA:51,0
DA:52,0
DA:54,0
DA:56,0
DA:57,0
DA:58,0
DA:59,0
DA:60,0
DA:61,0
DA:62,0
DA:63,0
DA:64,0
DA:65,0
DA:66,0
DA:67,0
DA:68,0
DA:70,0
DA:72,0
DA:73,0
DA:74,0
DA:75,0
DA:76,0
DA:77,0
DA:78,0
DA:79,0
DA:80,0
DA:81,0
DA:82,0
DA:83,0
DA:84,0
DA:85,0
DA:86,0
DA:87,0
DA:88,0
DA:89,0
DA:90,0
DA:91,0
DA:93,0
DA:95,0
DA:97,0
DA:98,0
DA:99,0
DA:100,0
DA:101,0
DA:102,0
DA:104,0
LF:91
LH:0
BRDA:1,0,0,0
BRF:1
BRH:0
end_of_record
TN:
SF:src\views\VaultView.tsx
FN:8,VaultView
FN:34,handleUnlock
FN:92,onChange
FN:93,onKeyDown
FN:97,onClear
FN:101,onClick
FN:115,onClick
FN:145,onChange
FN:146,onKeyDown
FN:159,onClick
FNF:10
FNH:4
FNDA:73,VaultView
FNDA:0,handleUnlock
FNDA:28,onChange
FNDA:28,onKeyDown
FNDA:0,onClear
FNDA:0,onClick
FNDA:0,onClick
FNDA:0,onChange
FNDA:0,onKeyDown
FNDA:1,onClick
DA:1,1
DA:2,1
DA:3,1
DA:4,1
DA:5,1
DA:6,1
DA:8,73
DA:9,73
DA:10,73
DA:11,73
DA:12,73
DA:13,73
DA:14,73
DA:15,73
DA:16,73
DA:17,73
DA:18,73
DA:20,73
DA:22,73
DA:23,36
DA:24,36
DA:25,36
DA:26,28
DA:27,17
DA:28,17
DA:29,17
DA:30,15
DA:31,36
DA:32,73
DA:34,73
DA:35,0
DA:36,0
DA:37,0
DA:38,0
DA:39,0
DA:40,0
DA:41,0
DA:42,0
DA:43,0
DA:44,0
DA:45,0
DA:46,0
DA:47,0
DA:48,0
DA:49,0
DA:50,0
DA:51,0
DA:52,0
DA:53,0
DA:55,73
DA:57,73
DA:58,73
DA:59,73
DA:60,73
DA:61,73
DA:62,73
DA:64,73
DA:65,73
DA:66,73
DA:68,73
DA:69,73
DA:70,69
DA:71,4
DA:72,73
DA:74,73
DA:76,73
DA:78,73
DA:79,0
DA:80,0
DA:81,0
DA:84,73
DA:85,73
DA:86,73
DA:87,73
DA:88,73
DA:89,73
DA:90,73
DA:91,73
DA:92,73
DA:93,73
DA:94,73
DA:95,73
DA:96,73
DA:97,73
DA:98,73
DA:99,73
DA:100,73
DA:101,73
DA:102,0
DA:103,0
DA:104,0
DA:105,0
DA:106,0
DA:107,0
DA:108,73
DA:109,73
DA:110,73
DA:111,73
DA:113,73
DA:114,73
DA:115,73
DA:116,73
DA:117,73
DA:119,73
DA:120,73
DA:121,73
DA:122,73
DA:124,73
DA:125,56
DA:126,56
DA:127,56
DA:128,56
DA:129,56
DA:130,56
DA:131,56
DA:132,56
DA:133,56
DA:134,56
DA:135,56
DA:138,73
DA:139,69
DA:140,69
DA:141,69
DA:142,69
DA:143,69
DA:144,69
DA:145,69
DA:146,69
DA:147,69
DA:148,69
DA:149,69
DA:150,0
DA:151,0
DA:152,0
DA:154,69
DA:157,73
DA:158,73
DA:159,73
DA:160,73
DA:162,73
DA:163,73
DA:164,73
DA:166,73
DA:167,1
DA:168,1
DA:169,1
DA:170,1
DA:171,1
DA:172,1
DA:173,1
DA:174,1
DA:175,1
DA:176,1
DA:179,73
DA:180,0
DA:183,73
DA:184,73
DA:185,73
DA:186,73
DA:187,73
DA:188,73
DA:189,73
DA:190,73
DA:191,73
DA:192,73
DA:194,73
LF:166
LH:134
BRDA:8,0,0,73
BRDA:60,1,0,0
BRDA:61,2,0,0
BRDA:65,3,0,69
BRDA:65,4,0,4
BRDA:69,5,0,69
BRDA:70,6,0,4
BRDA:78,7,0,4
BRDA:78,8,0,0
BRDA:78,9,0,0
BRDA:84,10,0,0
BRDA:89,11,0,0
BRDA:116,12,0,0
BRDA:119,13,0,0
BRDA:124,14,0,56
BRDA:127,15,0,1
BRDA:130,16,0,1
BRDA:131,17,0,55
BRDA:138,18,0,69
BRDA:142,19,0,0
BRDA:147,20,0,0
BRDA:147,21,0,0
BRDA:149,22,0,0
BRDA:149,23,0,0
BRDA:149,24,0,0
BRDA:162,25,0,1
BRDA:162,26,0,72
BRDA:166,27,0,1
BRDA:179,28,0,0
BRDA:185,29,0,69
BRDA:185,30,0,4
BRDA:22,31,0,36
BRDA:25,32,0,8
BRDA:25,33,0,28
BRDA:26,34,0,11
BRDA:26,35,0,17
BRDA:27,36,0,0
BRDA:28,37,0,0
BRDA:29,38,0,2
BRDA:29,39,0,15
BRDA:92,40,0,28
BRDA:93,41,0,28
BRDA:93,42,0,0
BRDA:159,43,0,1
BRF:44
BRH:26
end_of_record
